# JRE version: 7.0_05-b05
# Java VM: Java HotSpot(TM) Client VM (23.1-b03 mixed mode, sharing windows-x86 )
Heap
 def new generation   total 4992K, used 2253K [0x24580000, 0x24ae0000, 0x29ad0000)
  eden space 4480K,  50% used [0x24580000, 0x247b37f8, 0x249e0000)
  from space 512K,   0% used [0x249e0000, 0x249e0000, 0x24a60000)
  to   space 512K,   0% used [0x24a60000, 0x24a60000, 0x24ae0000)
 tenured generation   total 10944K, used 1371K [0x29ad0000, 0x2a580000, 0x34580000)
   the space 10944K,  12% used [0x29ad0000, 0x29c26c28, 0x29c26e00, 0x2a580000)
 compacting perm gen  total 12288K, used 1024K [0x34580000, 0x35180000, 0x38580000)
   the space 12288K,   8% used [0x34580000, 0x346803b0, 0x34680400, 0x35180000)
    ro space 10240K,  45% used [0x38580000, 0x38a03960, 0x38a03a00, 0x38f80000)
    rw space 12288K,  54% used [0x38f80000, 0x396074d8, 0x39607600, 0x39b80000)
GC Heap History (10 events):
Event: 31.470 GC heap before
{Heap before GC invocations=4 (full 3):
 def new generation   total 4992K, used 2538K [0x24580000, 0x24ae0000, 0x29ad0000)
  eden space 4480K,  56% used [0x24580000, 0x247fa8a8, 0x249e0000)
  from space 512K,   0% used [0x249e0000, 0x249e0000, 0x24a60000)
  to   space 512K,   0% used [0x24a60000, 0x24a60000, 0x24ae0000)
 tenured generation   total 10944K, used 1691K [0x29ad0000, 0x2a580000, 0x34580000)
   the space 10944K,  15% used [0x29ad0000, 0x29c76cb8, 0x29c76e00, 0x2a580000)
 compacting perm gen  total 12288K, used 1024K [0x34580000, 0x35180000, 0x38580000)
   the space 12288K,   8% used [0x34580000, 0x34680260, 0x34680400, 0x35180000)
    ro space 10240K,  45% used [0x38580000, 0x38a03960, 0x38a03a00, 0x38f80000)
    rw space 12288K,  54% used [0x38f80000, 0x396074d8, 0x39607600, 0x39b80000)
Event: 31.484 GC heap after
Heap after GC invocations=5 (full 4):
 def new generation   total 4992K, used 0K [0x24580000, 0x24ae0000, 0x29ad0000)
  eden space 4480K,   0% used [0x24580000, 0x24580000, 0x249e0000)
  from space 512K,   0% used [0x249e0000, 0x249e0000, 0x24a60000)
  to   space 512K,   0% used [0x24a60000, 0x24a60000, 0x24ae0000)
 tenured generation   total 10944K, used 1369K [0x29ad0000, 0x2a580000, 0x34580000)
   the space 10944K,  12% used [0x29ad0000, 0x29c26448, 0x29c26600, 0x2a580000)
 compacting perm gen  total 12288K, used 1023K [0x34580000, 0x35180000, 0x38580000)
   the space 12288K,   8% used [0x34580000, 0x3467ffe8, 0x34680000, 0x35180000)
    ro space 10240K,  45% used [0x38580000, 0x38a03960, 0x38a03a00, 0x38f80000)
    rw space 12288K,  54% used [0x38f80000, 0x396074d8, 0x39607600, 0x39b80000)
}
Event: 38.383 GC heap before
{Heap before GC invocations=5 (full 4):
 def new generation   total 4992K, used 2489K [0x24580000, 0x24ae0000, 0x29ad0000)
  eden space 4480K,  55% used [0x24580000, 0x247ee580, 0x249e0000)
  from space 512K,   0% used [0x249e0000, 0x249e0000, 0x24a60000)
  to   space 512K,   0% used [0x24a60000, 0x24a60000, 0x24ae0000)
 tenured generation   total 10944K, used 1369K [0x29ad0000, 0x2a580000, 0x34580000)
   the space 10944K,  12% used [0x29ad0000, 0x29c26448, 0x29c26600, 0x2a580000)
 compacting perm gen  total 12288K, used 1025K [0x34580000, 0x35180000, 0x38580000)
   the space 12288K,   8% used [0x34580000, 0x346804b0, 0x34680600, 0x35180000)
    ro space 10240K,  45% used [0x38580000, 0x38a03960, 0x38a03a00, 0x38f80000)
    rw space 12288K,  54% used [0x38f80000, 0x396074d8, 0x39607600, 0x39b80000)
Event: 38.395 GC heap after
Heap after GC invocations=6 (full 5):
 def new generation   total 4992K, used 0K [0x24580000, 0x24ae0000, 0x29ad0000)
  eden space 4480K,   0% used [0x24580000, 0x24580000, 0x249e0000)
  from space 512K,   0% used [0x249e0000, 0x249e0000, 0x24a60000)
  to   space 512K,   0% used [0x24a60000, 0x24a60000, 0x24ae0000)
 tenured generation   total 10944K, used 1426K [0x29ad0000, 0x2a580000, 0x34580000)
   the space 10944K,  13% used [0x29ad0000, 0x29c34b40, 0x29c34c00, 0x2a580000)
 compacting perm gen  total 12288K, used 1025K [0x34580000, 0x35180000, 0x38580000)
   the space 12288K,   8% used [0x34580000, 0x346804b0, 0x34680600, 0x35180000)
    ro space 10240K,  45% used [0x38580000, 0x38a03960, 0x38a03a00, 0x38f80000)
    rw space 12288K,  54% used [0x38f80000, 0x396074d8, 0x39607600, 0x39b80000)
}
Event: 45.499 GC heap before
{Heap before GC invocations=6 (full 5):
 def new generation   total 4992K, used 2508K [0x24580000, 0x24ae0000, 0x29ad0000)
  eden space 4480K,  56% used [0x24580000, 0x247f3360, 0x249e0000)
  from space 512K,   0% used [0x249e0000, 0x249e0000, 0x24a60000)
  to   space 512K,   0% used [0x24a60000, 0x24a60000, 0x24ae0000)
 tenured generation   total 10944K, used 1426K [0x29ad0000, 0x2a580000, 0x34580000)
   the space 10944K,  13% used [0x29ad0000, 0x29c34b40, 0x29c34c00, 0x2a580000)
 compacting perm gen  total 12288K, used 1025K [0x34580000, 0x35180000, 0x38580000)
   the space 12288K,   8% used [0x34580000, 0x346804b0, 0x34680600, 0x35180000)
    ro space 10240K,  45% used [0x38580000, 0x38a03960, 0x38a03a00, 0x38f80000)
    rw space 12288K,  54% used [0x38f80000, 0x396074d8, 0x39607600, 0x39b80000)
Event: 45.513 GC heap after
Heap after GC invocations=7 (full 6):
 def new generation   total 4992K, used 0K [0x24580000, 0x24ae0000, 0x29ad0000)
  eden space 4480K,   0% used [0x24580000, 0x24580000, 0x249e0000)
  from space 512K,   0% used [0x249e0000, 0x249e0000, 0x24a60000)
  to   space 512K,   0% used [0x24a60000, 0x24a60000, 0x24ae0000)
 tenured generation   total 10944K, used 1481K [0x29ad0000, 0x2a580000, 0x34580000)
   the space 10944K,  13% used [0x29ad0000, 0x29c425a8, 0x29c42600, 0x2a580000)
 compacting perm gen  total 12288K, used 1025K [0x34580000, 0x35180000, 0x38580000)
   the space 12288K,   8% used [0x34580000, 0x346804b0, 0x34680600, 0x35180000)
    ro space 10240K,  45% used [0x38580000, 0x38a03960, 0x38a03a00, 0x38f80000)
    rw space 12288K,  54% used [0x38f80000, 0x396074d8, 0x39607600, 0x39b80000)
}
Event: 52.583 GC heap before
{Heap before GC invocations=7 (full 6):
 def new generation   total 4992K, used 2572K [0x24580000, 0x24ae0000, 0x29ad0000)
  eden space 4480K,  57% used [0x24580000, 0x248031c8, 0x249e0000)
  from space 512K,   0% used [0x249e0000, 0x249e0000, 0x24a60000)
  to   space 512K,   0% used [0x24a60000, 0x24a60000, 0x24ae0000)
 tenured generation   total 10944K, used 1481K [0x29ad0000, 0x2a580000, 0x34580000)
   the space 10944K,  13% used [0x29ad0000, 0x29c425a8, 0x29c42600, 0x2a580000)
 compacting perm gen  total 12288K, used 1025K [0x34580000, 0x35180000, 0x38580000)
   the space 12288K,   8% used [0x34580000, 0x34680500, 0x34680600, 0x35180000)
    ro space 10240K,  45% used [0x38580000, 0x38a03960, 0x38a03a00, 0x38f80000)
    rw space 12288K,  54% used [0x38f80000, 0x396074d8, 0x39607600, 0x39b80000)
Event: 52.599 GC heap after
Heap after GC invocations=8 (full 7):
 def new generation   total 4992K, used 0K [0x24580000, 0x24ae0000, 0x29ad0000)
  eden space 4480K,   0% used [0x24580000, 0x24580000, 0x249e0000)
  from space 512K,   0% used [0x249e0000, 0x249e0000, 0x24a60000)
  to   space 512K,   0% used [0x24a60000, 0x24a60000, 0x24ae0000)
 tenured generation   total 10944K, used 1536K [0x29ad0000, 0x2a580000, 0x34580000)
   the space 10944K,  14% used [0x29ad0000, 0x29c50020, 0x29c50200, 0x2a580000)
 compacting perm gen  total 12288K, used 1025K [0x34580000, 0x35180000, 0x38580000)
   the space 12288K,   8% used [0x34580000, 0x34680500, 0x34680600, 0x35180000)
    ro space 10240K,  45% used [0x38580000, 0x38a03960, 0x38a03a00, 0x38f80000)
    rw space 12288K,  54% used [0x38f80000, 0x396074d8, 0x39607600, 0x39b80000)
}
Event: 59.172 GC heap before
{Heap before GC invocations=8 (full 7):
 def new generation   total 4992K, used 2386K [0x24580000, 0x24ae0000, 0x29ad0000)
  eden space 4480K,  53% used [0x24580000, 0x247d4a68, 0x249e0000)
  from space 512K,   0% used [0x249e0000, 0x249e0000, 0x24a60000)
  to   space 512K,   0% used [0x24a60000, 0x24a60000, 0x24ae0000)
 tenured generation   total 10944K, used 1536K [0x29ad0000, 0x2a580000, 0x34580000)
   the space 10944K,  14% used [0x29ad0000, 0x29c50020, 0x29c50200, 0x2a580000)
 compacting perm gen  total 12288K, used 1025K [0x34580000, 0x35180000, 0x38580000)
   the space 12288K,   8% used [0x34580000, 0x34680520, 0x34680600, 0x35180000)
    ro space 10240K,  45% used [0x38580000, 0x38a03960, 0x38a03a00, 0x38f80000)
    rw space 12288K,  54% used [0x38f80000, 0x396074d8, 0x39607600, 0x39b80000)
Event: 59.184 GC heap after
Heap after GC invocations=9 (full 8):
 def new generation   total 4992K, used 0K [0x24580000, 0x24ae0000, 0x29ad0000)
  eden space 4480K,   0% used [0x24580000, 0x24580000, 0x249e0000)
  from space 512K,   0% used [0x249e0000, 0x249e0000, 0x24a60000)
  to   space 512K,   0% used [0x24a60000, 0x24a60000, 0x24ae0000)
 tenured generation   total 10944K, used 1371K [0x29ad0000, 0x2a580000, 0x34580000)
   the space 10944K,  12% used [0x29ad0000, 0x29c26c28, 0x29c26e00, 0x2a580000)
 compacting perm gen  total 12288K, used 1024K [0x34580000, 0x35180000, 0x38580000)
   the space 12288K,   8% used [0x34580000, 0x346803b0, 0x34680400, 0x35180000)
    ro space 10240K,  45% used [0x38580000, 0x38a03960, 0x38a03a00, 0x38f80000)
    rw space 12288K,  54% used [0x38f80000, 0x396074d8, 0x39607600, 0x39b80000)
}

